<?xml version="1.0" encoding="UTF-8"?>
<!-- Generated by org.testng.reporters.JUnitReportReporter -->
<testsuite skipped="0" hostname="DESKTOP-QNHJ5Q7" name="com.ibm.fst.APIProject.GetAPITestWithGiven" tests="1" failures="0" timestamp="2023-03-23T23:14:50 PDT" time="0.140" errors="0">
  <testcase name="verifyCityWeather" time="0.140" classname="com.ibm.fst.APIProject.GetAPITestWithGiven"/>
</testsuite> <!-- com.ibm.fst.APIProject.GetAPITestWithGiven -->
