<?xml version="1.0" encoding="UTF-8"?>
<!-- Generated by org.testng.reporters.JUnitReportReporter -->
<testsuite skipped="0" hostname="DESKTOP-QNHJ5Q7" name="com.ibm.fst.APIProject.RestAssuredExample" tests="3" failures="0" timestamp="2023-03-23T23:14:50 PDT" time="0.000" errors="0">
  <testcase name="verifyStatusLine" time="0.000" classname="com.ibm.fst.APIProject.RestAssuredExample"/>
  <testcase name="verifyContentType" time="0.000" classname="com.ibm.fst.APIProject.RestAssuredExample"/>
  <testcase name="verifyStatusCode" time="0.000" classname="com.ibm.fst.APIProject.RestAssuredExample"/>
</testsuite> <!-- com.ibm.fst.APIProject.RestAssuredExample -->
