<?xml version="1.0" encoding="UTF-8"?>
<!-- Generated by org.testng.reporters.JUnitReportReporter -->
<testsuite skipped="0" hostname="DESKTOP-QNHJ5Q7" name="com.ibm.fst.APIProject.CreateUserAPIWithDDT" tests="3" failures="0" timestamp="2023-03-23T23:14:50 PDT" time="1.397" errors="0">
  <testcase name="verifyCreateUserTest" time="0.476" classname="com.ibm.fst.APIProject.CreateUserAPIWithDDT"/>
  <testcase name="verifyCreateUserTest" time="0.437" classname="com.ibm.fst.APIProject.CreateUserAPIWithDDT"/>
  <testcase name="verifyCreateUserTest" time="0.484" classname="com.ibm.fst.APIProject.CreateUserAPIWithDDT"/>
</testsuite> <!-- com.ibm.fst.APIProject.CreateUserAPIWithDDT -->
