<?xml version="1.0" encoding="UTF-8"?>
<!-- Generated by org.testng.reporters.JUnitReportReporter -->
<testsuite hostname="DESKTOP-QNHJ5Q7" name="com.ibm.fst.APIProject.GetAPITestWithGiven" tests="1" failures="0" timestamp="23 Mar 2023 06:41:05 GMT" time="2.507" errors="0">
  <testcase name="verifyCityWeather" time="2.507" classname="com.ibm.fst.APIProject.GetAPITestWithGiven"/>
</testsuite> <!-- com.ibm.fst.APIProject.GetAPITestWithGiven -->
