<?xml version="1.0" encoding="UTF-8"?>
<!-- Generated by org.testng.reporters.JUnitReportReporter -->
<testsuite hostname="DESKTOP-QNHJ5Q7" name="weatherAPI.WeatherAPITest" tests="1" failures="0" timestamp="23 Mar 2023 06:37:24 GMT" time="3.211" errors="0">
  <testcase name="verifyCityWeather" time="3.211" classname="weatherAPI.WeatherAPITest"/>
</testsuite> <!-- weatherAPI.WeatherAPITest -->
