<?xml version="1.0" encoding="UTF-8"?>
<!-- Generated by org.testng.reporters.JUnitReportReporter -->
<testsuite hostname="DESKTOP-QNHJ5Q7" name="com.ibm.fst.APIProject.APITest" tests="1" failures="0" timestamp="21 Mar 2023 06:37:25 GMT" time="3.446" errors="0">
  <testcase name="verifyListUserTest" time="3.446" classname="com.ibm.fst.APIProject.APITest"/>
</testsuite> <!-- com.ibm.fst.APIProject.APITest -->
