<?xml version="1.0" encoding="UTF-8"?>
<!-- Generated by org.testng.reporters.JUnitReportReporter -->
<testsuite hostname="DESKTOP-QNHJ5Q7" name="weatherAPI.WeatherAPIWithStaticImport" tests="1" failures="0" timestamp="23 Mar 2023 06:58:37 GMT" time="3.511" errors="0">
  <testcase name="verifyCityWeather" time="3.511" classname="weatherAPI.WeatherAPIWithStaticImport"/>
</testsuite> <!-- weatherAPI.WeatherAPIWithStaticImport -->
