<?xml version="1.0" encoding="UTF-8"?>
<!-- Generated by org.testng.reporters.JUnitReportReporter -->
<testsuite hostname="DESKTOP-QNHJ5Q7" name="com.ibm.fst.APIProject.RestAssuredExample" tests="3" failures="0" timestamp="21 Mar 2023 07:43:07 GMT" time="0.031" errors="0">
  <testcase name="verifyStatusCode" time="0.000" classname="com.ibm.fst.APIProject.RestAssuredExample"/>
  <testcase name="verifyContentType" time="0.016" classname="com.ibm.fst.APIProject.RestAssuredExample"/>
  <testcase name="verifyStatusLine" time="0.015" classname="com.ibm.fst.APIProject.RestAssuredExample"/>
</testsuite> <!-- com.ibm.fst.APIProject.RestAssuredExample -->
