<?xml version="1.0" encoding="UTF-8"?>
<!-- Generated by org.testng.reporters.JUnitReportReporter -->
<testsuite hostname="DESKTOP-QNHJ5Q7" name="gitHubAPI.Post_CreateGitHUbRepo" tests="1" failures="0" timestamp="21 Mar 2023 07:45:15 GMT" time="3.028" errors="0">
  <testcase name="verifyCreateUserTest" time="3.028" classname="gitHubAPI.Post_CreateGitHUbRepo"/>
</testsuite> <!-- gitHubAPI.Post_CreateGitHUbRepo -->
