<?xml version="1.0" encoding="UTF-8"?>
<!-- Generated by org.testng.reporters.JUnitReportReporter -->
<testsuite hostname="DESKTOP-QNHJ5Q7" name="actionsExamples.AmazonExample" tests="1" failures="0" timestamp="2 Mar 2023 06:39:44 GMT" time="1.925" errors="0">
  <testcase name="verifyLogin" time="1.925" classname="actionsExamples.AmazonExample"/>
</testsuite> <!-- actionsExamples.AmazonExample -->
