<?xml version="1.0" encoding="UTF-8"?>
<!-- Generated by org.testng.reporters.JUnitReportReporter -->
<testsuite hostname="DESKTOP-QNHJ5Q7" name="actionsExamples.DragDropExample" tests="1" failures="0" timestamp="2 Mar 2023 06:35:06 GMT" time="0.797" errors="0">
  <testcase name="verifyDragDropTest" time="0.797" classname="actionsExamples.DragDropExample"/>
</testsuite> <!-- actionsExamples.DragDropExample -->
