<?xml version="1.0" encoding="UTF-8"?>
<!-- Generated by org.testng.reporters.JUnitReportReporter -->
<testsuite skipped="0" hostname="DESKTOP-QNHJ5Q7" name="actionsExamples.AmazonExample" tests="1" failures="0" timestamp="2023-03-09T22:31:03 PST" time="2.159" errors="0">
  <testcase name="verifyLogin" time="2.159" classname="actionsExamples.AmazonExample"/>
</testsuite> <!-- actionsExamples.AmazonExample -->
